2016-08-23 05:24:21 Notice: Notice (8): Trying to get property of non-object in [E:\wamp\www\travel\src\Controller\PagesController.php, line 57]
Request URL: /travel/pages/view/favicon.ico
Client IP: 127.0.0.1
Trace:
Cake\Error\BaseErrorHandler::handleError() - CORE\src\Error\BaseErrorHandler.php, line 146
App\Controller\PagesController::view() - APP/Controller\PagesController.php, line 57
Cake\Controller\Controller::invokeAction() - CORE\src\Controller\Controller.php, line 429
Cake\Routing\Dispatcher::_invoke() - CORE\src\Routing\Dispatcher.php, line 114
Cake\Routing\Dispatcher::dispatch() - CORE\src\Routing\Dispatcher.php, line 87
[main] - ROOT\webroot\index.php, line 37



2016-08-23 05:24:21 Notice: Notice (8): Undefined variable: page in [E:\wamp\www\travel\src\Template\Pages\view.ctp, line 5]
Request URL: /travel/pages/view/favicon.ico
Client IP: 127.0.0.1
Trace:
Cake\Error\BaseErrorHandler::handleError() - CORE\src\Error\BaseErrorHandler.php, line 146
include - APP/Template\Pages\view.ctp, line 5
Cake\View\View::_evaluate() - CORE\src\View\View.php, line 995
Cake\View\View::_render() - CORE\src\View\View.php, line 955
Cake\View\View::render() - CORE\src\View\View.php, line 587
Cake\Controller\Controller::render() - CORE\src\Controller\Controller.php, line 611
Cake\Routing\Dispatcher::_invoke() - CORE\src\Routing\Dispatcher.php, line 120
Cake\Routing\Dispatcher::dispatch() - CORE\src\Routing\Dispatcher.php, line 87
[main] - ROOT\webroot\index.php, line 37



2016-08-23 05:24:21 Notice: Notice (8): Trying to get property of non-object in [E:\wamp\www\travel\src\Template\Pages\view.ctp, line 5]
Request URL: /travel/pages/view/favicon.ico
Client IP: 127.0.0.1
Trace:
Cake\Error\BaseErrorHandler::handleError() - CORE\src\Error\BaseErrorHandler.php, line 146
include - APP/Template\Pages\view.ctp, line 5
Cake\View\View::_evaluate() - CORE\src\View\View.php, line 995
Cake\View\View::_render() - CORE\src\View\View.php, line 955
Cake\View\View::render() - CORE\src\View\View.php, line 587
Cake\Controller\Controller::render() - CORE\src\Controller\Controller.php, line 611
Cake\Routing\Dispatcher::_invoke() - CORE\src\Routing\Dispatcher.php, line 120
Cake\Routing\Dispatcher::dispatch() - CORE\src\Routing\Dispatcher.php, line 87
[main] - ROOT\webroot\index.php, line 37



2016-08-23 05:24:21 Notice: Notice (8): Undefined variable: page in [E:\wamp\www\travel\src\Template\Pages\view.ctp, line 7]
Request URL: /travel/pages/view/favicon.ico
Client IP: 127.0.0.1
Trace:
Cake\Error\BaseErrorHandler::handleError() - CORE\src\Error\BaseErrorHandler.php, line 146
include - APP/Template\Pages\view.ctp, line 7
Cake\View\View::_evaluate() - CORE\src\View\View.php, line 995
Cake\View\View::_render() - CORE\src\View\View.php, line 955
Cake\View\View::render() - CORE\src\View\View.php, line 587
Cake\Controller\Controller::render() - CORE\src\Controller\Controller.php, line 611
Cake\Routing\Dispatcher::_invoke() - CORE\src\Routing\Dispatcher.php, line 120
Cake\Routing\Dispatcher::dispatch() - CORE\src\Routing\Dispatcher.php, line 87
[main] - ROOT\webroot\index.php, line 37



2016-08-23 05:24:21 Notice: Notice (8): Trying to get property of non-object in [E:\wamp\www\travel\src\Template\Pages\view.ctp, line 7]
Request URL: /travel/pages/view/favicon.ico
Client IP: 127.0.0.1
Trace:
Cake\Error\BaseErrorHandler::handleError() - CORE\src\Error\BaseErrorHandler.php, line 146
include - APP/Template\Pages\view.ctp, line 7
Cake\View\View::_evaluate() - CORE\src\View\View.php, line 995
Cake\View\View::_render() - CORE\src\View\View.php, line 955
Cake\View\View::render() - CORE\src\View\View.php, line 587
Cake\Controller\Controller::render() - CORE\src\Controller\Controller.php, line 611
Cake\Routing\Dispatcher::_invoke() - CORE\src\Routing\Dispatcher.php, line 120
Cake\Routing\Dispatcher::dispatch() - CORE\src\Routing\Dispatcher.php, line 87
[main] - ROOT\webroot\index.php, line 37



2016-08-23 05:24:21 Notice: Notice (8): Undefined variable: page in [E:\wamp\www\travel\src\Template\Pages\view.ctp, line 9]
Request URL: /travel/pages/view/favicon.ico
Client IP: 127.0.0.1
Trace:
Cake\Error\BaseErrorHandler::handleError() - CORE\src\Error\BaseErrorHandler.php, line 146
include - APP/Template\Pages\view.ctp, line 9
Cake\View\View::_evaluate() - CORE\src\View\View.php, line 995
Cake\View\View::_render() - CORE\src\View\View.php, line 955
Cake\View\View::render() - CORE\src\View\View.php, line 587
Cake\Controller\Controller::render() - CORE\src\Controller\Controller.php, line 611
Cake\Routing\Dispatcher::_invoke() - CORE\src\Routing\Dispatcher.php, line 120
Cake\Routing\Dispatcher::dispatch() - CORE\src\Routing\Dispatcher.php, line 87
[main] - ROOT\webroot\index.php, line 37



2016-08-23 05:24:21 Notice: Notice (8): Trying to get property of non-object in [E:\wamp\www\travel\src\Template\Pages\view.ctp, line 9]
Request URL: /travel/pages/view/favicon.ico
Client IP: 127.0.0.1
Trace:
Cake\Error\BaseErrorHandler::handleError() - CORE\src\Error\BaseErrorHandler.php, line 146
include - APP/Template\Pages\view.ctp, line 9
Cake\View\View::_evaluate() - CORE\src\View\View.php, line 995
Cake\View\View::_render() - CORE\src\View\View.php, line 955
Cake\View\View::render() - CORE\src\View\View.php, line 587
Cake\Controller\Controller::render() - CORE\src\Controller\Controller.php, line 611
Cake\Routing\Dispatcher::_invoke() - CORE\src\Routing\Dispatcher.php, line 120
Cake\Routing\Dispatcher::dispatch() - CORE\src\Routing\Dispatcher.php, line 87
[main] - ROOT\webroot\index.php, line 37



2016-08-23 05:28:08 Notice: Notice (8): Trying to get property of non-object in [E:\wamp\www\travel\src\Controller\PackageController.php, line 47]
Request URL: /travel/package/favicon.ico
Client IP: 127.0.0.1
Trace:
Cake\Error\BaseErrorHandler::handleError() - CORE\src\Error\BaseErrorHandler.php, line 146
App\Controller\PackageController::index() - APP/Controller\PackageController.php, line 47
Cake\Controller\Controller::invokeAction() - CORE\src\Controller\Controller.php, line 429
Cake\Routing\Dispatcher::_invoke() - CORE\src\Routing\Dispatcher.php, line 114
Cake\Routing\Dispatcher::dispatch() - CORE\src\Routing\Dispatcher.php, line 87
[main] - ROOT\webroot\index.php, line 37



2016-08-23 05:28:08 Notice: Notice (8): Trying to get property of non-object in [E:\wamp\www\travel\src\Controller\PackageController.php, line 52]
Request URL: /travel/package/favicon.ico
Client IP: 127.0.0.1
Trace:
Cake\Error\BaseErrorHandler::handleError() - CORE\src\Error\BaseErrorHandler.php, line 146
App\Controller\PackageController::index() - APP/Controller\PackageController.php, line 52
Cake\Controller\Controller::invokeAction() - CORE\src\Controller\Controller.php, line 429
Cake\Routing\Dispatcher::_invoke() - CORE\src\Routing\Dispatcher.php, line 114
Cake\Routing\Dispatcher::dispatch() - CORE\src\Routing\Dispatcher.php, line 87
[main] - ROOT\webroot\index.php, line 37



2016-08-23 05:28:08 Notice: Notice (8): Trying to get property of non-object in [E:\wamp\www\travel\src\Controller\PackageController.php, line 57]
Request URL: /travel/package/favicon.ico
Client IP: 127.0.0.1
Trace:
Cake\Error\BaseErrorHandler::handleError() - CORE\src\Error\BaseErrorHandler.php, line 146
App\Controller\PackageController::index() - APP/Controller\PackageController.php, line 57
Cake\Controller\Controller::invokeAction() - CORE\src\Controller\Controller.php, line 429
Cake\Routing\Dispatcher::_invoke() - CORE\src\Routing\Dispatcher.php, line 114
Cake\Routing\Dispatcher::dispatch() - CORE\src\Routing\Dispatcher.php, line 87
[main] - ROOT\webroot\index.php, line 37



2016-08-23 05:28:08 Notice: Notice (8): Undefined variable: cat in [E:\wamp\www\travel\src\Template\Package\index.ctp, line 6]
Request URL: /travel/package/favicon.ico
Client IP: 127.0.0.1
Trace:
Cake\Error\BaseErrorHandler::handleError() - CORE\src\Error\BaseErrorHandler.php, line 146
include - APP/Template\Package\index.ctp, line 6
Cake\View\View::_evaluate() - CORE\src\View\View.php, line 995
Cake\View\View::_render() - CORE\src\View\View.php, line 955
Cake\View\View::render() - CORE\src\View\View.php, line 587
Cake\Controller\Controller::render() - CORE\src\Controller\Controller.php, line 611
Cake\Routing\Dispatcher::_invoke() - CORE\src\Routing\Dispatcher.php, line 120
Cake\Routing\Dispatcher::dispatch() - CORE\src\Routing\Dispatcher.php, line 87
[main] - ROOT\webroot\index.php, line 37



2016-08-23 05:28:08 Notice: Notice (8): Trying to get property of non-object in [E:\wamp\www\travel\src\Template\Package\index.ctp, line 6]
Request URL: /travel/package/favicon.ico
Client IP: 127.0.0.1
Trace:
Cake\Error\BaseErrorHandler::handleError() - CORE\src\Error\BaseErrorHandler.php, line 146
include - APP/Template\Package\index.ctp, line 6
Cake\View\View::_evaluate() - CORE\src\View\View.php, line 995
Cake\View\View::_render() - CORE\src\View\View.php, line 955
Cake\View\View::render() - CORE\src\View\View.php, line 587
Cake\Controller\Controller::render() - CORE\src\Controller\Controller.php, line 611
Cake\Routing\Dispatcher::_invoke() - CORE\src\Routing\Dispatcher.php, line 120
Cake\Routing\Dispatcher::dispatch() - CORE\src\Routing\Dispatcher.php, line 87
[main] - ROOT\webroot\index.php, line 37



2016-08-23 05:28:08 Notice: Notice (8): Undefined variable: cat in [E:\wamp\www\travel\src\Template\Package\index.ctp, line 6]
Request URL: /travel/package/favicon.ico
Client IP: 127.0.0.1
Trace:
Cake\Error\BaseErrorHandler::handleError() - CORE\src\Error\BaseErrorHandler.php, line 146
include - APP/Template\Package\index.ctp, line 6
Cake\View\View::_evaluate() - CORE\src\View\View.php, line 995
Cake\View\View::_render() - CORE\src\View\View.php, line 955
Cake\View\View::render() - CORE\src\View\View.php, line 587
Cake\Controller\Controller::render() - CORE\src\Controller\Controller.php, line 611
Cake\Routing\Dispatcher::_invoke() - CORE\src\Routing\Dispatcher.php, line 120
Cake\Routing\Dispatcher::dispatch() - CORE\src\Routing\Dispatcher.php, line 87
[main] - ROOT\webroot\index.php, line 37



2016-08-23 05:28:08 Notice: Notice (8): Trying to get property of non-object in [E:\wamp\www\travel\src\Template\Package\index.ctp, line 6]
Request URL: /travel/package/favicon.ico
Client IP: 127.0.0.1
Trace:
Cake\Error\BaseErrorHandler::handleError() - CORE\src\Error\BaseErrorHandler.php, line 146
include - APP/Template\Package\index.ctp, line 6
Cake\View\View::_evaluate() - CORE\src\View\View.php, line 995
Cake\View\View::_render() - CORE\src\View\View.php, line 955
Cake\View\View::render() - CORE\src\View\View.php, line 587
Cake\Controller\Controller::render() - CORE\src\Controller\Controller.php, line 611
Cake\Routing\Dispatcher::_invoke() - CORE\src\Routing\Dispatcher.php, line 120
Cake\Routing\Dispatcher::dispatch() - CORE\src\Routing\Dispatcher.php, line 87
[main] - ROOT\webroot\index.php, line 37



2016-08-23 05:28:08 Notice: Notice (8): Undefined variable: pack in [E:\wamp\www\travel\src\Template\Package\index.ctp, line 8]
Request URL: /travel/package/favicon.ico
Client IP: 127.0.0.1
Trace:
Cake\Error\BaseErrorHandler::handleError() - CORE\src\Error\BaseErrorHandler.php, line 146
include - APP/Template\Package\index.ctp, line 8
Cake\View\View::_evaluate() - CORE\src\View\View.php, line 995
Cake\View\View::_render() - CORE\src\View\View.php, line 955
Cake\View\View::render() - CORE\src\View\View.php, line 587
Cake\Controller\Controller::render() - CORE\src\Controller\Controller.php, line 611
Cake\Routing\Dispatcher::_invoke() - CORE\src\Routing\Dispatcher.php, line 120
Cake\Routing\Dispatcher::dispatch() - CORE\src\Routing\Dispatcher.php, line 87
[main] - ROOT\webroot\index.php, line 37



2016-08-23 05:28:08 Notice: Notice (8): Trying to get property of non-object in [E:\wamp\www\travel\src\Template\Package\index.ctp, line 8]
Request URL: /travel/package/favicon.ico
Client IP: 127.0.0.1
Trace:
Cake\Error\BaseErrorHandler::handleError() - CORE\src\Error\BaseErrorHandler.php, line 146
include - APP/Template\Package\index.ctp, line 8
Cake\View\View::_evaluate() - CORE\src\View\View.php, line 995
Cake\View\View::_render() - CORE\src\View\View.php, line 955
Cake\View\View::render() - CORE\src\View\View.php, line 587
Cake\Controller\Controller::render() - CORE\src\Controller\Controller.php, line 611
Cake\Routing\Dispatcher::_invoke() - CORE\src\Routing\Dispatcher.php, line 120
Cake\Routing\Dispatcher::dispatch() - CORE\src\Routing\Dispatcher.php, line 87
[main] - ROOT\webroot\index.php, line 37



2016-08-23 05:28:08 Notice: Notice (8): Undefined variable: pack in [E:\wamp\www\travel\src\Template\Package\index.ctp, line 10]
Request URL: /travel/package/favicon.ico
Client IP: 127.0.0.1
Trace:
Cake\Error\BaseErrorHandler::handleError() - CORE\src\Error\BaseErrorHandler.php, line 146
include - APP/Template\Package\index.ctp, line 10
Cake\View\View::_evaluate() - CORE\src\View\View.php, line 995
Cake\View\View::_render() - CORE\src\View\View.php, line 955
Cake\View\View::render() - CORE\src\View\View.php, line 587
Cake\Controller\Controller::render() - CORE\src\Controller\Controller.php, line 611
Cake\Routing\Dispatcher::_invoke() - CORE\src\Routing\Dispatcher.php, line 120
Cake\Routing\Dispatcher::dispatch() - CORE\src\Routing\Dispatcher.php, line 87
[main] - ROOT\webroot\index.php, line 37



2016-08-23 05:28:08 Notice: Notice (8): Trying to get property of non-object in [E:\wamp\www\travel\src\Template\Package\index.ctp, line 10]
Request URL: /travel/package/favicon.ico
Client IP: 127.0.0.1
Trace:
Cake\Error\BaseErrorHandler::handleError() - CORE\src\Error\BaseErrorHandler.php, line 146
include - APP/Template\Package\index.ctp, line 10
Cake\View\View::_evaluate() - CORE\src\View\View.php, line 995
Cake\View\View::_render() - CORE\src\View\View.php, line 955
Cake\View\View::render() - CORE\src\View\View.php, line 587
Cake\Controller\Controller::render() - CORE\src\Controller\Controller.php, line 611
Cake\Routing\Dispatcher::_invoke() - CORE\src\Routing\Dispatcher.php, line 120
Cake\Routing\Dispatcher::dispatch() - CORE\src\Routing\Dispatcher.php, line 87
[main] - ROOT\webroot\index.php, line 37



2016-08-23 05:28:08 Notice: Notice (8): Undefined variable: pack in [E:\wamp\www\travel\src\Template\Package\index.ctp, line 13]
Request URL: /travel/package/favicon.ico
Client IP: 127.0.0.1
Trace:
Cake\Error\BaseErrorHandler::handleError() - CORE\src\Error\BaseErrorHandler.php, line 146
include - APP/Template\Package\index.ctp, line 13
Cake\View\View::_evaluate() - CORE\src\View\View.php, line 995
Cake\View\View::_render() - CORE\src\View\View.php, line 955
Cake\View\View::render() - CORE\src\View\View.php, line 587
Cake\Controller\Controller::render() - CORE\src\Controller\Controller.php, line 611
Cake\Routing\Dispatcher::_invoke() - CORE\src\Routing\Dispatcher.php, line 120
Cake\Routing\Dispatcher::dispatch() - CORE\src\Routing\Dispatcher.php, line 87
[main] - ROOT\webroot\index.php, line 37



2016-08-23 05:28:08 Notice: Notice (8): Trying to get property of non-object in [E:\wamp\www\travel\src\Template\Package\index.ctp, line 13]
Request URL: /travel/package/favicon.ico
Client IP: 127.0.0.1
Trace:
Cake\Error\BaseErrorHandler::handleError() - CORE\src\Error\BaseErrorHandler.php, line 146
include - APP/Template\Package\index.ctp, line 13
Cake\View\View::_evaluate() - CORE\src\View\View.php, line 995
Cake\View\View::_render() - CORE\src\View\View.php, line 955
Cake\View\View::render() - CORE\src\View\View.php, line 587
Cake\Controller\Controller::render() - CORE\src\Controller\Controller.php, line 611
Cake\Routing\Dispatcher::_invoke() - CORE\src\Routing\Dispatcher.php, line 120
Cake\Routing\Dispatcher::dispatch() - CORE\src\Routing\Dispatcher.php, line 87
[main] - ROOT\webroot\index.php, line 37



2016-08-23 05:28:08 Notice: Notice (8): Undefined variable: pack in [E:\wamp\www\travel\src\Template\Package\index.ctp, line 19]
Request URL: /travel/package/favicon.ico
Client IP: 127.0.0.1
Trace:
Cake\Error\BaseErrorHandler::handleError() - CORE\src\Error\BaseErrorHandler.php, line 146
include - APP/Template\Package\index.ctp, line 19
Cake\View\View::_evaluate() - CORE\src\View\View.php, line 995
Cake\View\View::_render() - CORE\src\View\View.php, line 955
Cake\View\View::render() - CORE\src\View\View.php, line 587
Cake\Controller\Controller::render() - CORE\src\Controller\Controller.php, line 611
Cake\Routing\Dispatcher::_invoke() - CORE\src\Routing\Dispatcher.php, line 120
Cake\Routing\Dispatcher::dispatch() - CORE\src\Routing\Dispatcher.php, line 87
[main] - ROOT\webroot\index.php, line 37



2016-08-23 05:28:08 Notice: Notice (8): Trying to get property of non-object in [E:\wamp\www\travel\src\Template\Package\index.ctp, line 19]
Request URL: /travel/package/favicon.ico
Client IP: 127.0.0.1
Trace:
Cake\Error\BaseErrorHandler::handleError() - CORE\src\Error\BaseErrorHandler.php, line 146
include - APP/Template\Package\index.ctp, line 19
Cake\View\View::_evaluate() - CORE\src\View\View.php, line 995
Cake\View\View::_render() - CORE\src\View\View.php, line 955
Cake\View\View::render() - CORE\src\View\View.php, line 587
Cake\Controller\Controller::render() - CORE\src\Controller\Controller.php, line 611
Cake\Routing\Dispatcher::_invoke() - CORE\src\Routing\Dispatcher.php, line 120
Cake\Routing\Dispatcher::dispatch() - CORE\src\Routing\Dispatcher.php, line 87
[main] - ROOT\webroot\index.php, line 37



2016-08-23 05:28:08 Notice: Notice (8): Undefined variable: pack in [E:\wamp\www\travel\src\Template\Package\index.ctp, line 44]
Request URL: /travel/package/favicon.ico
Client IP: 127.0.0.1
Trace:
Cake\Error\BaseErrorHandler::handleError() - CORE\src\Error\BaseErrorHandler.php, line 146
include - APP/Template\Package\index.ctp, line 44
Cake\View\View::_evaluate() - CORE\src\View\View.php, line 995
Cake\View\View::_render() - CORE\src\View\View.php, line 955
Cake\View\View::render() - CORE\src\View\View.php, line 587
Cake\Controller\Controller::render() - CORE\src\Controller\Controller.php, line 611
Cake\Routing\Dispatcher::_invoke() - CORE\src\Routing\Dispatcher.php, line 120
Cake\Routing\Dispatcher::dispatch() - CORE\src\Routing\Dispatcher.php, line 87
[main] - ROOT\webroot\index.php, line 37



2016-08-23 05:28:08 Notice: Notice (8): Trying to get property of non-object in [E:\wamp\www\travel\src\Template\Package\index.ctp, line 44]
Request URL: /travel/package/favicon.ico
Client IP: 127.0.0.1
Trace:
Cake\Error\BaseErrorHandler::handleError() - CORE\src\Error\BaseErrorHandler.php, line 146
include - APP/Template\Package\index.ctp, line 44
Cake\View\View::_evaluate() - CORE\src\View\View.php, line 995
Cake\View\View::_render() - CORE\src\View\View.php, line 955
Cake\View\View::render() - CORE\src\View\View.php, line 587
Cake\Controller\Controller::render() - CORE\src\Controller\Controller.php, line 611
Cake\Routing\Dispatcher::_invoke() - CORE\src\Routing\Dispatcher.php, line 120
Cake\Routing\Dispatcher::dispatch() - CORE\src\Routing\Dispatcher.php, line 87
[main] - ROOT\webroot\index.php, line 37



2016-08-23 05:28:08 Notice: Notice (8): Undefined variable: pack in [E:\wamp\www\travel\src\Template\Package\index.ctp, line 55]
Request URL: /travel/package/favicon.ico
Client IP: 127.0.0.1
Trace:
Cake\Error\BaseErrorHandler::handleError() - CORE\src\Error\BaseErrorHandler.php, line 146
include - APP/Template\Package\index.ctp, line 55
Cake\View\View::_evaluate() - CORE\src\View\View.php, line 995
Cake\View\View::_render() - CORE\src\View\View.php, line 955
Cake\View\View::render() - CORE\src\View\View.php, line 587
Cake\Controller\Controller::render() - CORE\src\Controller\Controller.php, line 611
Cake\Routing\Dispatcher::_invoke() - CORE\src\Routing\Dispatcher.php, line 120
Cake\Routing\Dispatcher::dispatch() - CORE\src\Routing\Dispatcher.php, line 87
[main] - ROOT\webroot\index.php, line 37



2016-08-23 05:28:08 Notice: Notice (8): Trying to get property of non-object in [E:\wamp\www\travel\src\Template\Package\index.ctp, line 55]
Request URL: /travel/package/favicon.ico
Client IP: 127.0.0.1
Trace:
Cake\Error\BaseErrorHandler::handleError() - CORE\src\Error\BaseErrorHandler.php, line 146
include - APP/Template\Package\index.ctp, line 55
Cake\View\View::_evaluate() - CORE\src\View\View.php, line 995
Cake\View\View::_render() - CORE\src\View\View.php, line 955
Cake\View\View::render() - CORE\src\View\View.php, line 587
Cake\Controller\Controller::render() - CORE\src\Controller\Controller.php, line 611
Cake\Routing\Dispatcher::_invoke() - CORE\src\Routing\Dispatcher.php, line 120
Cake\Routing\Dispatcher::dispatch() - CORE\src\Routing\Dispatcher.php, line 87
[main] - ROOT\webroot\index.php, line 37



2016-08-23 05:28:08 Notice: Notice (8): Undefined variable: pack in [E:\wamp\www\travel\src\Template\Package\index.ctp, line 55]
Request URL: /travel/package/favicon.ico
Client IP: 127.0.0.1
Trace:
Cake\Error\BaseErrorHandler::handleError() - CORE\src\Error\BaseErrorHandler.php, line 146
include - APP/Template\Package\index.ctp, line 55
Cake\View\View::_evaluate() - CORE\src\View\View.php, line 995
Cake\View\View::_render() - CORE\src\View\View.php, line 955
Cake\View\View::render() - CORE\src\View\View.php, line 587
Cake\Controller\Controller::render() - CORE\src\Controller\Controller.php, line 611
Cake\Routing\Dispatcher::_invoke() - CORE\src\Routing\Dispatcher.php, line 120
Cake\Routing\Dispatcher::dispatch() - CORE\src\Routing\Dispatcher.php, line 87
[main] - ROOT\webroot\index.php, line 37



2016-08-23 05:28:08 Notice: Notice (8): Trying to get property of non-object in [E:\wamp\www\travel\src\Template\Package\index.ctp, line 55]
Request URL: /travel/package/favicon.ico
Client IP: 127.0.0.1
Trace:
Cake\Error\BaseErrorHandler::handleError() - CORE\src\Error\BaseErrorHandler.php, line 146
include - APP/Template\Package\index.ctp, line 55
Cake\View\View::_evaluate() - CORE\src\View\View.php, line 995
Cake\View\View::_render() - CORE\src\View\View.php, line 955
Cake\View\View::render() - CORE\src\View\View.php, line 587
Cake\Controller\Controller::render() - CORE\src\Controller\Controller.php, line 611
Cake\Routing\Dispatcher::_invoke() - CORE\src\Routing\Dispatcher.php, line 120
Cake\Routing\Dispatcher::dispatch() - CORE\src\Routing\Dispatcher.php, line 87
[main] - ROOT\webroot\index.php, line 37



2016-08-23 05:28:08 Notice: Notice (8): Undefined variable: pack in [E:\wamp\www\travel\src\Template\Package\index.ctp, line 55]
Request URL: /travel/package/favicon.ico
Client IP: 127.0.0.1
Trace:
Cake\Error\BaseErrorHandler::handleError() - CORE\src\Error\BaseErrorHandler.php, line 146
include - APP/Template\Package\index.ctp, line 55
Cake\View\View::_evaluate() - CORE\src\View\View.php, line 995
Cake\View\View::_render() - CORE\src\View\View.php, line 955
Cake\View\View::render() - CORE\src\View\View.php, line 587
Cake\Controller\Controller::render() - CORE\src\Controller\Controller.php, line 611
Cake\Routing\Dispatcher::_invoke() - CORE\src\Routing\Dispatcher.php, line 120
Cake\Routing\Dispatcher::dispatch() - CORE\src\Routing\Dispatcher.php, line 87
[main] - ROOT\webroot\index.php, line 37



2016-08-23 05:28:08 Notice: Notice (8): Trying to get property of non-object in [E:\wamp\www\travel\src\Template\Package\index.ctp, line 55]
Request URL: /travel/package/favicon.ico
Client IP: 127.0.0.1
Trace:
Cake\Error\BaseErrorHandler::handleError() - CORE\src\Error\BaseErrorHandler.php, line 146
include - APP/Template\Package\index.ctp, line 55
Cake\View\View::_evaluate() - CORE\src\View\View.php, line 995
Cake\View\View::_render() - CORE\src\View\View.php, line 955
Cake\View\View::render() - CORE\src\View\View.php, line 587
Cake\Controller\Controller::render() - CORE\src\Controller\Controller.php, line 611
Cake\Routing\Dispatcher::_invoke() - CORE\src\Routing\Dispatcher.php, line 120
Cake\Routing\Dispatcher::dispatch() - CORE\src\Routing\Dispatcher.php, line 87
[main] - ROOT\webroot\index.php, line 37



2016-08-23 05:28:08 Notice: Notice (8): Undefined variable: pack in [E:\wamp\www\travel\src\Template\Package\index.ctp, line 55]
Request URL: /travel/package/favicon.ico
Client IP: 127.0.0.1
Trace:
Cake\Error\BaseErrorHandler::handleError() - CORE\src\Error\BaseErrorHandler.php, line 146
include - APP/Template\Package\index.ctp, line 55
Cake\View\View::_evaluate() - CORE\src\View\View.php, line 995
Cake\View\View::_render() - CORE\src\View\View.php, line 955
Cake\View\View::render() - CORE\src\View\View.php, line 587
Cake\Controller\Controller::render() - CORE\src\Controller\Controller.php, line 611
Cake\Routing\Dispatcher::_invoke() - CORE\src\Routing\Dispatcher.php, line 120
Cake\Routing\Dispatcher::dispatch() - CORE\src\Routing\Dispatcher.php, line 87
[main] - ROOT\webroot\index.php, line 37



2016-08-23 05:28:08 Notice: Notice (8): Trying to get property of non-object in [E:\wamp\www\travel\src\Template\Package\index.ctp, line 55]
Request URL: /travel/package/favicon.ico
Client IP: 127.0.0.1
Trace:
Cake\Error\BaseErrorHandler::handleError() - CORE\src\Error\BaseErrorHandler.php, line 146
include - APP/Template\Package\index.ctp, line 55
Cake\View\View::_evaluate() - CORE\src\View\View.php, line 995
Cake\View\View::_render() - CORE\src\View\View.php, line 955
Cake\View\View::render() - CORE\src\View\View.php, line 587
Cake\Controller\Controller::render() - CORE\src\Controller\Controller.php, line 611
Cake\Routing\Dispatcher::_invoke() - CORE\src\Routing\Dispatcher.php, line 120
Cake\Routing\Dispatcher::dispatch() - CORE\src\Routing\Dispatcher.php, line 87
[main] - ROOT\webroot\index.php, line 37



2016-08-23 05:28:08 Notice: Notice (8): Undefined variable: pack in [E:\wamp\www\travel\src\Template\Package\index.ctp, line 55]
Request URL: /travel/package/favicon.ico
Client IP: 127.0.0.1
Trace:
Cake\Error\BaseErrorHandler::handleError() - CORE\src\Error\BaseErrorHandler.php, line 146
include - APP/Template\Package\index.ctp, line 55
Cake\View\View::_evaluate() - CORE\src\View\View.php, line 995
Cake\View\View::_render() - CORE\src\View\View.php, line 955
Cake\View\View::render() - CORE\src\View\View.php, line 587
Cake\Controller\Controller::render() - CORE\src\Controller\Controller.php, line 611
Cake\Routing\Dispatcher::_invoke() - CORE\src\Routing\Dispatcher.php, line 120
Cake\Routing\Dispatcher::dispatch() - CORE\src\Routing\Dispatcher.php, line 87
[main] - ROOT\webroot\index.php, line 37



2016-08-23 05:28:08 Notice: Notice (8): Trying to get property of non-object in [E:\wamp\www\travel\src\Template\Package\index.ctp, line 55]
Request URL: /travel/package/favicon.ico
Client IP: 127.0.0.1
Trace:
Cake\Error\BaseErrorHandler::handleError() - CORE\src\Error\BaseErrorHandler.php, line 146
include - APP/Template\Package\index.ctp, line 55
Cake\View\View::_evaluate() - CORE\src\View\View.php, line 995
Cake\View\View::_render() - CORE\src\View\View.php, line 955
Cake\View\View::render() - CORE\src\View\View.php, line 587
Cake\Controller\Controller::render() - CORE\src\Controller\Controller.php, line 611
Cake\Routing\Dispatcher::_invoke() - CORE\src\Routing\Dispatcher.php, line 120
Cake\Routing\Dispatcher::dispatch() - CORE\src\Routing\Dispatcher.php, line 87
[main] - ROOT\webroot\index.php, line 37



2016-08-24 05:58:37 Notice: Notice (8): Undefined variable: cid in [E:\wamp\www\travel\src\Template\Dashboard\edit_slider.ctp, line 28]
Request URL: /travel/dashboard/editSlider/0
Client IP: 127.0.0.1
Trace:
Cake\Error\BaseErrorHandler::handleError() - CORE\src\Error\BaseErrorHandler.php, line 146
include - APP/Template\Dashboard\edit_slider.ctp, line 28
Cake\View\View::_evaluate() - CORE\src\View\View.php, line 995
Cake\View\View::_render() - CORE\src\View\View.php, line 955
Cake\View\View::render() - CORE\src\View\View.php, line 587
Cake\Controller\Controller::render() - CORE\src\Controller\Controller.php, line 611
Cake\Routing\Dispatcher::_invoke() - CORE\src\Routing\Dispatcher.php, line 120
Cake\Routing\Dispatcher::dispatch() - CORE\src\Routing\Dispatcher.php, line 87
[main] - ROOT\webroot\index.php, line 37



2016-08-24 06:19:30 Notice: Notice (8): Undefined index: route_map in [E:\wamp\www\travel\src\Controller\DashboardController.php, line 814]
Request URL: /travel/dashboard/saveSlider/0
Referer URL: http://localhost/travel/dashboard/editSlider/0
Client IP: 127.0.0.1
Trace:
Cake\Error\BaseErrorHandler::handleError() - CORE\src\Error\BaseErrorHandler.php, line 146
App\Controller\DashboardController::saveSlider() - APP/Controller\DashboardController.php, line 814
Cake\Controller\Controller::invokeAction() - CORE\src\Controller\Controller.php, line 429
Cake\Routing\Dispatcher::_invoke() - CORE\src\Routing\Dispatcher.php, line 114
Cake\Routing\Dispatcher::dispatch() - CORE\src\Routing\Dispatcher.php, line 87
[main] - ROOT\webroot\index.php, line 37



